  Reading Qt configuration (D:/Qt/6.2.4/msvc2019_64/bin/qmake)
  moc materialscanner.h
  stdafx.cpp
  camera-controller.cpp
  camera.cpp
  lights-controller.cpp
  materialscanner.cpp
  main.cpp
D:\Dokumente\GitHub\MaterialscannerGUI\materialscanner-qt\materialscanner\camera.cpp(1,1): warning C4828: Die Datei enthält ein Zeichen, das bei Offset 0x764 beginnt. Dieses Zeichen ist im aktuellen Quellzeichensatz (Codepage 65001) unzulässig.
D:\Dokumente\GitHub\MaterialscannerGUI\materialscanner-qt\materialscanner\camera.cpp(1,1): warning C4828: Die Datei enthält ein Zeichen, das bei Offset 0xc19 beginnt. Dieses Zeichen ist im aktuellen Quellzeichensatz (Codepage 65001) unzulässig.
D:\Dokumente\GitHub\MaterialscannerGUI\materialscanner-qt\materialscanner\camera.cpp(1,1): warning C4828: Die Datei enthält ein Zeichen, das bei Offset 0xd34 beginnt. Dieses Zeichen ist im aktuellen Quellzeichensatz (Codepage 65001) unzulässig.
D:\Dokumente\GitHub\MaterialscannerGUI\materialscanner-qt\materialscanner\camera.cpp(1,1): warning C4828: Die Datei enthält ein Zeichen, das bei Offset 0xd45 beginnt. Dieses Zeichen ist im aktuellen Quellzeichensatz (Codepage 65001) unzulässig.
D:\Dokumente\GitHub\MaterialscannerGUI\materialscanner-qt\libs\mqtt\paho-cpp\include\mqtt\client.h(71,8): warning C4834: Der Rückgabewert einer Funktion mit dem "nodiscard"-Attribut wird verworfen. (Quelldatei wird kompiliert lights-controller.cpp)
D:\Dokumente\GitHub\MaterialscannerGUI\materialscanner-qt\libs\mqtt\paho-cpp\include\mqtt\client.h(74,8): warning C4834: Der Rückgabewert einer Funktion mit dem "nodiscard"-Attribut wird verworfen. (Quelldatei wird kompiliert lights-controller.cpp)
D:\Dokumente\GitHub\MaterialscannerGUI\materialscanner-qt\libs\mqtt\paho-cpp\include\mqtt\client.h(81,8): warning C4834: Der Rückgabewert einer Funktion mit dem "nodiscard"-Attribut wird verworfen. (Quelldatei wird kompiliert lights-controller.cpp)
D:\Dokumente\GitHub\MaterialscannerGUI\materialscanner-qt\materialscanner\camera.cpp(1,1): warning C4828: Die Datei enthält ein Zeichen, das bei Offset 0x764 beginnt. Dieses Zeichen ist im aktuellen Quellzeichensatz (Codepage 65001) unzulässig. (Quelldatei wird kompiliert camera-controller.cpp)
D:\Dokumente\GitHub\MaterialscannerGUI\materialscanner-qt\materialscanner\camera.cpp(1,1): warning C4828: Die Datei enthält ein Zeichen, das bei Offset 0xc19 beginnt. Dieses Zeichen ist im aktuellen Quellzeichensatz (Codepage 65001) unzulässig. (Quelldatei wird kompiliert camera-controller.cpp)
D:\Dokumente\GitHub\MaterialscannerGUI\materialscanner-qt\materialscanner\camera.cpp(1,1): warning C4828: Die Datei enthält ein Zeichen, das bei Offset 0xd34 beginnt. Dieses Zeichen ist im aktuellen Quellzeichensatz (Codepage 65001) unzulässig. (Quelldatei wird kompiliert camera-controller.cpp)
D:\Dokumente\GitHub\MaterialscannerGUI\materialscanner-qt\materialscanner\camera.cpp(1,1): warning C4828: Die Datei enthält ein Zeichen, das bei Offset 0xd45 beginnt. Dieses Zeichen ist im aktuellen Quellzeichensatz (Codepage 65001) unzulässig. (Quelldatei wird kompiliert camera-controller.cpp)
D:\Dokumente\GitHub\MaterialscannerGUI\materialscanner-qt\libs\mqtt\paho-cpp\include\mqtt\client.h(71,8): warning C4834: Der Rückgabewert einer Funktion mit dem "nodiscard"-Attribut wird verworfen. (Quelldatei wird kompiliert main.cpp)
D:\Dokumente\GitHub\MaterialscannerGUI\materialscanner-qt\libs\mqtt\paho-cpp\include\mqtt\client.h(74,8): warning C4834: Der Rückgabewert einer Funktion mit dem "nodiscard"-Attribut wird verworfen. (Quelldatei wird kompiliert main.cpp)
D:\Dokumente\GitHub\MaterialscannerGUI\materialscanner-qt\libs\mqtt\paho-cpp\include\mqtt\client.h(81,8): warning C4834: Der Rückgabewert einer Funktion mit dem "nodiscard"-Attribut wird verworfen. (Quelldatei wird kompiliert main.cpp)
  qrc_materialscanner.cpp
  moc_materialscanner.cpp
  materialscanner.vcxproj -> D:\Dokumente\GitHub\MaterialscannerGUI\materialscanner-qt\x64\Debug\materialscanner.exe
