g:\dev\projects\materialscanner\materialscanner\x64\debug\materialscanner.pch
g:\dev\projects\materialscanner\materialscanner\x64\debug\vc142.pdb
g:\dev\projects\materialscanner\materialscanner\x64\debug\stdafx.obj
g:\dev\projects\materialscanner\materialscanner\x64\debug\qrc_materialscanner.obj
g:\dev\projects\materialscanner\materialscanner\x64\debug\moc_materialscanner.obj
g:\dev\projects\materialscanner\materialscanner\x64\debug\moc_camera-controller.obj
g:\dev\projects\materialscanner\materialscanner\x64\debug\main.obj
g:\dev\projects\materialscanner\materialscanner\x64\debug\camera-controller.obj
g:\dev\projects\materialscanner\materialscanner\x64\debug\materialscanner.obj
g:\dev\projects\materialscanner\x64\debug\materialscanner.ilk
g:\dev\projects\materialscanner\x64\debug\materialscanner.exe
g:\dev\projects\materialscanner\x64\debug\materialscanner.pdb
g:\dev\projects\materialscanner\materialscanner\x64\debug\uic\ui_materialscanner.h
g:\dev\projects\materialscanner\materialscanner\x64\debug\rcc\qrc_materialscanner.cpp
g:\dev\projects\materialscanner\materialscanner\x64\debug\moc\moc_materialscanner.cpp
g:\dev\projects\materialscanner\materialscanner\x64\debug\moc\moc_camera-controller.cpp
g:\dev\projects\materialscanner\materialscanner\x64\debug\materialscanner.res
g:\dev\projects\materialscanner\materialscanner\x64\debug\materialscanner.tlog\cl.command.1.tlog
g:\dev\projects\materialscanner\materialscanner\x64\debug\materialscanner.tlog\cl.read.1.tlog
g:\dev\projects\materialscanner\materialscanner\x64\debug\materialscanner.tlog\cl.write.1.tlog
g:\dev\projects\materialscanner\materialscanner\x64\debug\materialscanner.tlog\link.command.1.tlog
g:\dev\projects\materialscanner\materialscanner\x64\debug\materialscanner.tlog\link.read.1.tlog
g:\dev\projects\materialscanner\materialscanner\x64\debug\materialscanner.tlog\link.write.1.tlog
g:\dev\projects\materialscanner\materialscanner\x64\debug\materialscanner.tlog\materialscanner.write.1u.tlog
g:\dev\projects\materialscanner\materialscanner\x64\debug\materialscanner.tlog\moc.read.1u.tlog
g:\dev\projects\materialscanner\materialscanner\x64\debug\materialscanner.tlog\moc.write.1u.tlog
g:\dev\projects\materialscanner\materialscanner\x64\debug\materialscanner.tlog\rc.command.1.tlog
g:\dev\projects\materialscanner\materialscanner\x64\debug\materialscanner.tlog\rc.read.1.tlog
g:\dev\projects\materialscanner\materialscanner\x64\debug\materialscanner.tlog\rc.write.1.tlog
g:\dev\projects\materialscanner\materialscanner\x64\debug\materialscanner.tlog\rcc.read.1u.tlog
g:\dev\projects\materialscanner\materialscanner\x64\debug\materialscanner.tlog\rcc.write.1u.tlog
g:\dev\projects\materialscanner\materialscanner\x64\debug\materialscanner.tlog\uic.read.1u.tlog
g:\dev\projects\materialscanner\materialscanner\x64\debug\materialscanner.tlog\uic.write.1u.tlog
